<?xml version="1.0" encoding="UTF-8"?>
<testng-results skipped="0" failed="0" total="1" passed="1">
  <reporter-output>
  </reporter-output>
  <suite name="Default suite" duration-ms="25274" started-at="2016-11-02T08:58:02Z" finished-at="2016-11-02T08:58:27Z">
    <groups>
    </groups>
    <test name="Default test" duration-ms="25274" started-at="2016-11-02T08:58:02Z" finished-at="2016-11-02T08:58:27Z">
      <class name="com.selenium.tests.RodanFieldsTest">
        <test-method status="PASS" signature="testBegin()[pri:0, instance:com.selenium.tests.RodanFieldsTest@51565ec2]" name="testBegin" is-config="true" duration-ms="5114" started-at="2016-11-02T14:28:02Z" finished-at="2016-11-02T14:28:07Z">
          <reporter-output>
          </reporter-output>
        </test-method> <!-- testBegin -->
        <test-method status="PASS" signature="testSkincareProducts()[pri:0, instance:com.selenium.tests.RodanFieldsTest@51565ec2]" name="testSkincareProducts" duration-ms="20083" started-at="2016-11-02T14:28:07Z" finished-at="2016-11-02T14:28:27Z">
          <reporter-output>
          </reporter-output>
        </test-method> <!-- testSkincareProducts -->
        <test-method status="PASS" signature="testEnd()[pri:0, instance:com.selenium.tests.RodanFieldsTest@51565ec2]" name="testEnd" is-config="true" duration-ms="60" started-at="2016-11-02T14:28:27Z" finished-at="2016-11-02T14:28:27Z">
          <reporter-output>
          </reporter-output>
        </test-method> <!-- testEnd -->
      </class> <!-- com.selenium.tests.RodanFieldsTest -->
    </test> <!-- Default test -->
  </suite> <!-- Default suite -->
</testng-results>
